[   0.000000] Initializing cgroup subsys cpuset
[    0.000000] Initializing cgroup subsys cpu
[    0.000000] Initializing cgroup subsys cpuacct
[    0.000000] Linux version 4.4.0-139-generic (buildd@lcy01-amd64-006) (gcc version 5.4.0 20160609 (Ubuntu 5.4.0-6ubuntu1~16.04.10) #165-Ubuntu SMP Wed Oct 24 10:58:50 UTC 2018 (Ubuntu 4.4.0-139.165-generic 4.4.160)
[    0.000000] Command line: BOOT_IMAGE=/boot/vmlinuz-4.4.0-139-generic root=LABL=cloudimg-rootfs ro console=tty1 console=ttyS0
[    0.0000] KERNEL supported cpus:
[    0.000000]   Intel GenuineIntel
[    0.000000]   AMD AuthenticAMD
[    0.000000]   Centaur CentaurHauls
[    0.000000] x86/fpu: xstate_offset[2]:  576, xstate_sizes[2]:  256
[    0.000000] x86/fpu: Supporting XSAVE fture 0x01: 'x87 floating point registers'
[    0.000000] x86/fpu: Supporting XSAVE feature 0x02: 'SSE registers'
[    0.00000] x86/fpu: Supporting XSAVE feature 0x04: 'AVX registers'
[    0.000000] x86/fpu: Enabled xstate features 0x7, context size is 832 bytes, using 'standard' format.
[    0.000000] e820: BIOS-provided physical RAM map:
[    0.000000] BIOS-e820: [mem 0x0000000000000000-0x000000000009fbff] usable
[    0.000000] BIOS-e820: [mem 0x0000000009c00-0x000000000009ffff] reserved
[    0.000000] BIOS-e820: [mem 0x00000000000f0000-0x00000000000fffff] reserved
[    0.000000] BIOS-e820: [mem 0x0000000000100000-0x000000003ffeffff] usable
[    0.000000] BIOS-e820: [mem 0x000000003fff0000-0x000000003fffffff] ACPI data
[    0.000000] BIOS-e820: [mem 0x00000000fec00000-0x00000000fec00fff] reserved
[    0.000000] BIOS-e820: [mem 0x00000000fee00000-0x00000000fee00fff] reserved
[    0.000000] BIOS-e820: [mem 0x00000000fffc0000-0x00000000ffffffff] reserved
[    0.000000] NX (Execute Disable) protection: active
[    0.000000] SMBIOS 2.5 present.
[    0.000000] Hypervisor detected: KVM
[    0.000000] e820: last_pfn = 0x3fff0 max_arch_pfn = 0x400000000
[    0.000000] MTRR: Disabled
[    0.000000] x86/PAT: MTRRs disabled, skipping PAT initialization too.
[    0.000000] CPU MTRRs all blank - virtualized system.
[    0.000000] x86/PAT: Configuration [0-7]: WB  WT  UC- UC  WB  WT  UC- UC  
[    0.000000] found SMP MP-table at [mem 0x0009fff0-0x0009ffff] mapped at [ffff88000009fff0]
[    0.000000] Scanning 1 areas for low memory corruption
[    0.000000] RAMDISK: [mem 0x3630a000-0x3717cfff]
[    0.000000] ACPI: Early table checksum verification disabled
[    0.000000] ACPI: RSDP 0x00000000000E0000 000024 (v02 VBOX  )
[    0.000000] ACPI: XSDT 0x000000003FFF0030 00003C (v01 VBOX   VBOXXSDT 00000001 ASL  00000061)
[    0.000000] ACPI: FACP 0x000000003FFF00F0 0000F4 (v04 VBOX   VBOXFACP 00000001 ASL  00000061)
[    0.000000] ACPI: DSDT 0x000000003FFF0470 0021FF (v02 VBOX   VBOXBIOS 00000002 INTL 20160108)
[    0.000000] ACPI: FACS 0x000000003FFF0200 000040
[    0.000000] ACPI: FACS 0x000000003FFF0200 000040
[    0.000000] ACPI: APIC 0x000000003FFF0240 00005C (v02 VBOX   VBOXAPIC 00000001 ASL  00000061)
[    0.000000] ACPI: SSDT 0x000000003FFF02A0 0001CC (v01 VBOX   VBOXCPUT 00000002 INTL 20160108)
[    0.000000] No NUMA configuration found
[    0.000000] Faking a node at [mem 0x0000000000000000-0x000000003ffeffff]
[    0.000000] NODE_DATA(0) allocated [mem 0x3ffeb000-0x3ffeffff]
[    0.000000] kvm-clock: Using msrs 4b564d01 and 4b564d00
[    0.000000] kvm-clock: cpu 0, msr 0:3ffe3001, primary cpu clock
[    0.000000] kvm-clock: using sched offset of 3455209398 cycles
[    0.000000]clocksource: kvm-clock: mask: 0xfffffffffffffff max_cycles: 0x1cd42e4dffb, max_idle_ns: 881590591483 ns
[    0.000000] Zone ranges:
[    0.000000]   DMA      [mem 0x0000000000001000-0x0000000000ffffff]
[    0.000000]   DMA32    [mem 0x0000000001000000-0x000000003ffeffff][   .000000]   Normal   empty
[    0.000000]   Device   empt
[    0.000000] Movable zone start for each node
[    0.000000] Early memory node ranges
[    0.000000]   node   0: [mem 0x0000000000001000-0x000000000009efff]
[    0.000000]   node   0: [mem 0x0000000000100000-0x000000003ffeffff]
[    0.000000] Initmem setup node 0 [mem 0x0000000000001000-0x000000003ffeffff]
[    0.000000] ACPI: PM-Timer IO Port: 0x4008
[    0.000000] IOAPIC[0]: apic_id 2, version 32, address 0xfec00000, GSI 0-23
[    0.000000] ACPI: INT_SRC_OVR (bus 0 bus_irq 0 global_irq 2 dfl dfl)
[    0.000000] ACPI: INT_SRC_OVR (bs 0 bus_irq 9 global_irq 9 low level)
[    0.000000] Using ACPI (MADT) for SMP configurationinformation
[    0.000000] smpboot: Allowing 2 CPUs, 0 hotplug CPUs
[    0.000000] PM: Registered nosave memory: [mem 0x00000000-0x00000fff]
[    0.000000] PM: Registered nosave memory: [mem 0x0009f000-0x0009ffff]
[    0.0000] PM: Registered nosave memory: [mem 0x000a0000-0x000effff]
[    0.000000] PM: Registered nosave memory: [mem 0x000f0000-0x000fffff]
[    0.000000] e820: [mem 0x40000000-0xfebfffff] availabl for PCI devices
[    0.000000] Booting paravirtualized kernel on KVM
[    0.000000] clocksource: refined-jiffies: mask: 0xffffffff max_cycles: 0xffffffff, max_idle_ns: 7645519600211568 ns
[    0.000000] setup_percpu: NR_CPUS:512 nr_cpumask_bits:512 nr_cpu_ids:2 nr_node_ids:1
[    0.000000] PERCPU: Embedded 34 pages/cpu @ffff88003fc00000 s99608 r8192 d31464 u1048576
[    0.000000] PV qspinlock hash table entries: 256 (order: 0, 4096 bytes)
[    0.000000] Built 1 zonelists in Node order, mobility grouping on.  Total pages: 257912
[    0.000000] Policy zone: DMA32
[    0.000000] Kernel command line: BOOT_IMAGE=/boot/vmlinuz-4.4.0-139-generic root=LABEL=cloudimg-rootfs ro console=tty1 console=ttyS0
[    0.000000] PID hash table entries: 4096 (order: 3, 32768 bytes)
[    0.000000] Memory: 997708K/1048120K available (8564K kernel code, 1314K rwdata, 4004K rodata, 1528K init, 1316K bss, 50412K reserved, 0K cma-reserved)
[    0.000000] SLUB: HWalign=64, Order=0-3, MinObjects=0, CPUs=2, Nodes=1
[    0.000000] Kernel/User page tables isolation: enabled
[    0.000000] Hierarchical RCU implementation.
[    0.000000] 	Build-time adjustment of leaf fanout to 64.
[    0.000000] 	RCU restricting CPUs from NR_CPUS=512 to nr_cpu_ids=2.
[    0.000000] RCU: Adjusting geometry for rcu_fanout_leaf=64, nr_cpu_ids=2
[    0.000000] NR_IRQS:33024 nr_irqs:440 16
[    0.000000] Console: colour VGA+ 80x25
[    0.000000] console [tty1] enabled
[    0.000000] console [ttyS0] enabled
[    0.000000] tsc: Detected 2394.456 MHz processor
[    0.828589] Calibrating delay loop (skipped) preset value.. 4788.91 BogoMIPS (lpj=9577824)
[    0.833047] pid_max: default: 32768 minimum: 301
[    0.834733] ACPI: Core revision 20150930
[    0.837594] ACPI: 2 ACPI AML tables successfully acquired and loaded
[    0.849241] Security Framework initialized
[    0.850391] Yama: becoming mindful.
[    0.851450] AppArmor: AppArmor initialized
[    0.852887] Dentry cache hash table entries: 131072 (order: 8, 1048576 bytes)
[    0.860581] Inode-cache hash table entries: 65536 (order: 7, 524288 bytes)
[    0.871008] Mount-cache hash table entries: 2048 (order: 2, 16384 bytes)
[    0.874197] Mountpoint-cache hash table entries: 2048 (order: 2, 16384 bytes)
[    0.877795] Initializing cgroup subsys io
[    0.878745] Initializing cgroup subsys memory
[    0.879730] Initializing cgroup subsys devices
[    0.884647] Initializing cgroup subsys freezer
[    0.885829] Initializing cgroup subsys net_cls
[    0.887002] Initializing cgroup subsys perf_event
[    0.888479] Initializing cgroup subsys net_prio
[    0.890995] Initializing cgroup subsys hugetlb
[    0.897154] Initializing cgroup subsys pids
[    0.899041] mce: CPU supports 0 MCE banks
[    0.899923] Last level iTLB entries: 4KB 64, 2MB 8, 4MB 8
[    0.906940] Last level dTLB entries: 4KB 64, 2MB 0, 4MB 0, 1GB 4
[    0.908482] Spectre V2 : Mitigation: Full generic retpoline
[    0.909865] Spectre V2 : Spectre v2 mitigation: Speculation control IBPB not-supported IBRS not-supported
[    0.911879] Spectre V2 : Spectre v2 / SpectreRSB mitigation: Filling RSB on context switch
[    0.918289] Speculative Store Bypass: Vulnerable
[    0.922538] Freeing SMP alternatives memory: 32K
[    0.944424] ftrace: allocating 32278 entries in 127 pages
[    0.996577] smpboot: APIC(0) Converting physical 0 to logical package 0
[    1.001029] smpboot: Max logical packages: 1
[    1.002580] x2apic enabled
[    1.005229] Switched APIC routing to physical x2apic.
[    1.008037] ..TIMER: vector=0x30 apic1=0 pin1=2 apic2=-1 pin2=-1
[    1.120640] smpboot: CPU0: Intel(R) Core(TM) i7-5500U CPU @ 2.40GHz (family: 0x6, model: 0x3d, stepping: 0x4)
[    1.132957] Performance Events: unsupported p6 CPU model 61 no PMU driver, software events only.
[    1.146126] KVM setup paravirtual spinlock
[    1.157076] x86: Booting SMP configuration:
[    1.159980] .... node  #0, CPUs:      #1
[    1.167566] kvm-clock: cpu 1, msr 0:3ffe3041, secondary cpu clock
[    1.192201] mce: CPU supports 0 MCE banks
[    1.204028] x86: Booted up 1 node, 2 CPUs
[    1.219548] smpboot: Total of 2 processors activated (9577.82 BogoMIPS)
[    1.229201] devtmpfs: initialized
[    1.241703] evm: security.selinux
[    1.244800] evm: security.SMACK64
[    1.250395] evm: security.SMACK64EXEC
[    1.259362] evm: security.SMACK64TRANSMUTE
[    1.273688] evm: security.SMACK64MMAP
[    1.277407] evm: security.ima
[    1.279321] evm: security.capability
[    1.282177] clocksource: jiffies: mask: 0xffffffff max_cycles: 0xffffffff, max_idle_ns: 7645041785100000 ns
[    1.296602] futex hash table entries: 512 (order: 3, 32768 bytes)
[    1.306380] pinctrl core: initialized pinctrl subsystem
[    1.309583] RTC time:  6:37:32, date: 11/26/18
[    1.313499] NET: Registered protocol family 16
[    1.329004] cpuidle: using governor ladder
[    1.348744] cpuidle: using governor menu
[    1.352397] PCCT header not found.
[    1.354769] ACPI: bus type PCI registered
[    1.357893] acpiphp: ACPI Hot Plug PCI Controller Driver version: 0.5
[    1.366272] PCI: Using configuration type 1 for base access
[    1.385290] ACPI: Added _OSI(Module Device)
[    1.388629] ACPI: Added _OSI(Processor Device)
[    1.396944] ACPI: Added _OSI(3.0 _SCP Extensions)
[    1.402031] ACPI: Added _OSI(Processor Aggregator Device)
[    1.408915] ACPI: Executed 1 blocks of module-level executable AML code
[    1.419118] ACPI: Interpreter enabled
[    1.423274] ACPI: (supports S0 S5)
[    1.432837] ACPI: Using IOAPIC for interrupt routing
[    1.440860] PCI: Using host bridge windows from ACPI; if necessary, use "pci=nocrs" and report a bug
[    1.452211] ACPI: PCI Root Bridge [PCI0] (domain 0000 [bus 00-ff])
[    1.457640] acpi PNP0A03:00: _OSC: OS supports [ASPM ClockPM Segments MSI]
[    1.460513] acpi PNP0A03:00: _OSC: not requesting OS control; OS requires [ExtendedConfig ASPM ClockPM MSI]
[    1.468820] acpi PNP0A03:00: fail to add MMCONFIG information, can't access extended PCI configuration space under this bridge.
[    1.485202] PCI host bridge to bus 0000:00
[    1.486662] pci_bus 0000:00: root bus resource [io  0x0000-0x0cf7 window]
[    1.488426] pci_bus 0000:00: root bus resource [io  0x0d00-0xffff window]
[    1.499878] pci_bus 0000:00: root bus resource [mem 0x000a0000-0x000bffff window]
[    1.507896] pci_bus 0000:00: root bus resource [mem 0x40000000-0xfdffffff window]
[    1.524878] pci_bus 0000:00: root bus resource [bus 00-ff]
[    1.530437] pci 0000:00:01.1: legacy IDE quirk: reg 0x10: [io  0x01f0-0x01f7]
[    1.534503] pci 0000:00:01.1: legacy IDE quirk: reg 0x14: [io  0x03f6]
[    1.537737] pci 0000:00:01.1: legacy IDE quirk: reg 0x18: [io  0x0170-0x0177]
[    1.541442] pci 0000:00:01.1: legacy IDE quirk: reg 0x1c: [io  0x0376]
[    1.612293] pci 0000:00:07.0: quirk: [io  0x4000-0x403f] claimed by PIIX4 ACPI
[    1.617300] pci 0000:00:07.0: quirk: [io  0x4100-0x410f] claimed by PIIX4 SMB
[    1.634466] ACPI: PCI Interrupt Link [LNKA] (IRQs 5 9 10 *11)
[    1.640542] ACPI: PCI Interrupt Link [LNKB] (IRQs 5 9 *10 11)
[    1.647742] ACPI: PCI Interrupt Link [LNKC] (IRQs 5 *9 10 11)
[    1.658400] ACPI: PCI Interrupt Link [LNKD] (IRQs 5 9 10 *11)
[    1.661109] ACPI: Enabled 2 GPEs in block 00 to 07
[    1.664890] vgaarb: setting as boot device: PCI:0000:00:02.0
[    1.667561] vgaarb: device added: PCI:0000:00:02.0,decodes=io+mem,owns=io+mem,locks=none
[    1.677161] vgaarb: loaded
[    1.678627] vgaarb: bridge control possible 0000:00:02.0
[    1.687760] SCSI subsystem initialized
[    1.693615] ACPI: bus type USB registered
[    1.710211] usbcore: registered new interface driver usbfs
[    1.718679] usbcore: registered new interface driver hub
[    1.731900] usbcore: registered new device driver usb
[    1.752114] PCI: Using ACPI for IRQ routing
[    1.756178] NetLabel: Initializing
[    1.769286] NetLabel:  domain hash size = 128
[    1.773664] NetLabel:  protocols = UNLABELED CIPSOv4
[    1.777777] NetLabel:  unlabeled traffic allowed by default
[    1.779460] amd_nb: Cannot enumerate AMD northbridges
[    1.786020] clocksource: Switched to clocksource kvm-clock
[    1.803592] AppArmor: AppArmor Filesystem Enabled
[    1.812269] pnp: PnP ACPI init
[    1.817530] pnp: PnP ACPI: found 3 devices
[   1.840120] clocksource: acpi_pm: mask: 0xffffff max_cycles: 0xffffff, max_idle_ns: 2085701024 ns
[   1.880646] NET: Registered protocol family 2

[    1.911048] TCP established hash table entries: 8192 (order: 4, 65536 bytes)
[    1.918258] TCP bind hash table entries: 8192 (order: 5, 131072 bytes)
[    1.919739] TCP: Hash tables configured (established 8192 bind 8192)
[    1.921563] UDP hash table entries: 512 (order: 2, 16384 bytes)
[    1.92312 UDP-Lite hash table entries: 512 (order: 2, 16384 bytes)
[    1.976187] NET:egistered protocol family 1
[    2.0301] pci 0000:00:00.0: Limiting direct PCI/PCI transfers
[    2.08562] pci 0000:00:01.0: Activating ISA DMA hang workarounds
[    2.110909] Unpacking initramfs...

[    2.387687] Freeing initrd memory: 14796K
[    2.407385] RAPL PMU detected, API unit is 2^-32 Joules, 4 fixed counters 10737418240 ms ovfl timer
[    2.410899] hw unit of domain pp0-core 2^-0 Joules
[    2.412632] hw unit of domain package 2^-0 Joules
[    2.436188] hw unit of domain dram 2^-0 Joules
[    2.450909] hw unit of domain pp1-gpu 2^-0 Joules
[    2.508226] platform rtc_cmos: registered platform RTC device (no PNP devicfound)
[    2.589584] Scanning for low memory corruption every 60 seconds

[    2.597312] audit: initializing netlink subsys (disabled)
[    2.606159] audit: type=2000 audit(1543214257.532:1): initialized
[    2.615682] Initialise system trusted keyring
[    2.628203] HugeTLB registered 2 MB page size, pre-allocated 0 pages
[    2.638298] zbud: loaded
[    2.639515] VFS: Disk quotas dquot_6.6.0
[    2.640440] VFS: Dquot-cache hash table entries: 512 (order 0, 4096 bytes)
[    2.648897] squashfs: version 4.0 (2009/01/31) Phillip Lougher
[    2.651550] fuse init (API verion 7.23)
[    2.684800] Ky type big_key registered
[    2.718235Allocating IMA MOK and blaklis keyrings.

[    2.847674] Key type asymmetric registered
[    2.859602] Asymmetric key parser 'x509' registered
[    2.868525] Block layer SCSI generic (bsg) driver version 0.4 loaded (major 249)
[    2.877984] io scheduler noop registered
[    2.884207] io scheduler deadline registered (default)
[    2.885476] io scheduler cfq registered
[    2.886457] pci_hotplug: PCI Hot Plug PCI Core version: 0.5
[    2.887642] pciehp: PCI Express Hot Plug Controller Driver version: 0.4
[    2.889362] ACPI: AC Adapter [AC] (on-line)
[    2.891128] input: Power Button as /devices/LNXSYSTM:00/LNXPWRBN:00/input/input0
[    2.8766] ACPI: Power Button [PWRF]

[    2.948285] input: Sleep Button as /devices/LNXSYSTM:00/LNXSLPBN:00/input/input1
[    2.951124] ACPI: Sleep Button [SLPF]
[    2.956320] GHES: HEST is not enabled!
[    2.957122] ACPI: Battery Slot [BAT0] (battery present)
[   2.93057virtio-pci 0000:00:03.0: virtio_pci: leaving for legacy driver
[    3.074963] Serial: 8250/16550 driver, 32 ports, IRQ sharing enable
[    3.145594] 00:02: tt0 at I/O 0x3f8 (irq = 4, base_baud = 115200) is a 16550A
[    3.211563] Linuagpgart interface v0.103

[    3.266655] loop: module loaded
[    3.269551] scsi host0: ata_piix
[    3.270914] scsi host1: ata_piix
[    3.272078] ata1: PATA max UDMA/33 cmd 0x1f0 ctl 0x3f6 bmdma 0xd000 irq 14
[    3.286153]ta2: PATA max UDMA/33 cmd 0x170 ctl 0x376 bmdma 0xd008 irq 15

[    3.340306] libphy: Fixed MDIO Bus: probed
[    3.347174] tun: Universal TUN/TAP device driver, 1.6
[    3.352118] tun: (C) 1999-2004 Max asnyansky <xk@qualcomm.com>
[    3.467368] PPP generic driver version 2.4.2
[    3.496007] ehci_hcd: USB 2.0 'Enhanced' Host Controller (EHCI) Driver
[    3.497656] ehci-pci: EHCI PCI platform driver
[    3.499216] ehci-platform: EHCI generic platform driver
[    3.501519] ohci_hcd: USB 1.1 'Open' Host Controller (OHCI) Driver
[    3.503532] ohci-pci: OHCI PCI platform driver
[    3.505335] ohci-platform: OHCI generic platform driver
[    3.526970] tsc: Refined TSC clocksource calibration: 2394.177 MHz
[    3.538353] clocksource: tsc: mask: 0xffffffffffffffff max_cycles: 0x2282babf8bc, max_idle_ns: 440795328200 ns
[    3.538451] uhci_hcd: USB Universal Host Controller Interface driver
[   .538550] i42: P: PS/2 Controller [PNP0303:PS2K,PNP0f03:PS2M] at 0x60,0x64 irq 1,12

[    3.544528] serio: i8042 KBD port at 0x60,0x64 irq 1
[    3.544535] serio: i8042 AUX port at 0x60,0x64 irq 12
[    3.721004] mousedev: PS/2 mouse device common for all mice
[    3.721475] rtc_cmos rtc_cmos: rtc core: registered rtc_cmos as rtc0
[    3.721561] rtc_cmos rtc_cmos: alarms up to one day, 114 bytes nvram
[    3.721578] i2c /dev entries driver
[    3.721699] device-mapper: uevent: version 1.0.3
[    3.721779] device-mapper: ioctl: 4.34.0-ioctl (2015-10-28) initialised: dm-devel@redhat.com
[    3.721805] ledtrig-cpu: registered to indicate activity on CPUs
[    3.722281] NET: Registered protocol family 10
[    3.725313] NET: Registered protocol family 17
[    3.725336] Key type dns_resolver registered
[    3.725992] registered taskstats version 1
[    3.726006] Loading compiled-in X.509 certificates
[    3.726919] Loaded X.509 cert 'Build time autogenerated kernel key: a88b0f663ecfd40e6a501dee2f0b211d51902e35'
[    3.726969] zswap: loaded using pool lzo/zbud
[    3.752535] Key type trusted registered
[    3.757449] Key type encrypted registered
[    3.757485] AppArmor: AppArmor sha1 policy hashing enabled
[    3.757495] ima: No TPM chip found, activating TPM-bypass!
[    3.757534] ima: Allocated hash algorithm: sha1
[    3.757617] evm: HMAC attrs: 0x1
[    3.758329]   Magic number: 10:201:621
[    3.762712] rtc_cmos rtc_cmos: setting system clock to 2018-11-26 06:37:35 UTC (1543214255)
[    3.762896] BIOS EDD facility v0.16 2004-Jun-25, 0 devices found
[    3.762896] EDD information not available.
[    3.797716] input: AT Translated Set 2 keyboard as /devices/platform/i8042/serio0/input/input2
[    3.950504] Freeing unused kernel memory: 1528K
[    3.974052] Write protecting the kernel read-only data: 14336k
[    3.980552] Freeing unused kernel memory: 1664K
[    3.991338] Freeing unused kernel memory: 92K
Loading, please wait...
starting version 229
[    4.012353] random: systemd-udevd: uninitialized urandom read (16 bytes read, 3 bits of entropy available)
[    4.016973] random: udevadm: uninitialized urandom read (16 bytes read, 3 bits of entropy available)
[    4.017000] random: udevadm: uninitialized urandom read (16 bytes read, 3 bits of entropy available)
[    4.027774] random: systemd-udevd: uninitialized urandom read (16 bytes read, 3 bits of entropy available)
[    4.033340] random: systemd-udevd: uninitialized urandom read (16 bytes read, 3 bits of entropy available)
[    4.033694] random: udevadm: uninitialized urandom read (16 bytes read, 3 bits of entropy available)
[    4.033762] random: udevadm: uninitialized urandom read (16 bytes read, 3 bits of entropy available)
[    4.033968] random: udevadm: uninitialized urandom read (16 bytes read, 3 bits of entropy available)
[    4.034157] random: udevadm: uninitialized urandom read (16 bytes read, 3 bits of entropy available)
[    4.034241] random: udevadm: uninitialized urandom read (16 bytes read, 3 bits of entropy available)
[    4.123704] virtio_net virtio0 enp0s3: renamed from eth0
[    4.126877] Fusion MPT base driver 3.04.20
[    4.127764] Copyright (c) 1999-2008 LSI Corporation
[    4.132355] Fusion MPT SPI Host driver 3.04.20
[    4.144476] mptbase: ioc0: Initiating bringup
[    4.195954] AVX2 version of gcm_enc/dec engaged.
[    4.199702] AES CTR mode by8 optimization enabled
[    4.230463] ioc0: LSI53C1030 A0: Capabilities={Initiator}
[    4.366316] input: ImExPS/2 Generic Explorer Mouse as /devices/platform/i8042/serio1/input/input4
[    4.406813] scsi host2: ioc0: LSI53C1030 A0, FwRev=00000000h, Ports=1, MaxQ=256, IRQ=20
[    5.058501] scsi 2:0:0:0: Direct-Access     VBOX     HARDDISK         1.0  PQ: 0 ANSI: 5
[    5.062147] scsi target2:0:0: Beginning Domain Validation
[    5.069148] scsi target2:0:0: Domain Validation skipping write tests
[    5.073352] scsi target2:0:0: Ending Domain Validation
[    5.077422] scsi target2:0:0: asynchronous
[    5.083870] scsi 2:0:1:0: Direct-Access     VBOX     HARDDISK         1.0  PQ: 0 ANSI: 5
[    5.104221] scsi target2:0:1: Beginning Domain Validation
[    5.124627] scsi target2:0:1: Domain Validation skipping write tests
[    5.129916] scsi target2:0:1: Ending Domain Validation
[    5.132471] scsi target2:0:1: asynchronous
[    5.156000] sd 2:0:0:0: Attached scsi generic sg0 type 0
[    5.158656] sd 2:0:0:0: [sda] 20971520 512-byte logical blocks: (10.7 GB/10.0 GiB)
[    5.163473] sd 2:0:1:0: Attached scsi generic sg1 type 0
[    5.164033] sd 2:0:1:0: [sdb] 20480 512-byte logical blocks: (10.5 MB/10.0 MiB)
[    5.164246] sd 2:0:1:0: [sdb] Write Protect is off
[    5.164410] sd 2:0:1:0: [sdb] Incomplete mode parameter data
[    5.164412] sd 2:0:1:0: [sdb] Assuming drive cache: write through
[    5.169014] sd 2:0:0:0: [sda] Write Protect is off
[    5.169424] sd 2:0:0:0: [sda] Incomplete mode parameter data
[    5.169426] sd 2:0:0:0: [sda] Assuming drive cache: write through
[    5.175105]  sda: sda1
[    5.177092] sd 2:0:0:0: [sda] Attached SCSI disk
[    5.178115] sd 2:0:1:0: [sdb] Attached SCSI disk
Begin: Loading essential drivers ... [    6.650672] md: linear personality registered for level -1
[    6.656427] md: multipath personality registered for level -4
[    6.670243] md: raid0 personality registered for level 0
[    6.674057] md: raid1 personality registered for level 1
[    6.756242] raid6: sse2x1   gen()  8421 MB/s
[    6.827242] raid6: sse2x1   xor()  6790 MB/s
[    6.902841] raid6: sse2x2   gen() 10304 MB/s
[    6.976261] raid6: sse2x2   xor()  7051 MB/s
[    7.076317] raid6: sse2x4   gen()  8687 MB/s
[    7.166377] raid6: sse2x4   xor()  3651 MB/s
[    7.246306] raid6: avx2x1   gen()  7386 MB/s
[    7.314562] raid6: avx2x2   gen()  9997 MB/s
[    7.390199] raid6: avx2x4   gen() 10060 MB/s
[    7.392444] raid6: using algorithm sse2x2 gen() 10304 MB/s
[    7.395262] raid6: .... xor() 7051 MB/s, rmw enabled
[    7.397796] raid6: using avx2x2 recovery algorithm
[    7.407762] xor: automatically using best checksumming function:
[    7.446710]    avx       : 21974.000 MB/sec
[    7.452355] async_tx: api initialized (async)
[    7.471153] md: raid6 personality registered for level 6
[    7.473911] md: raid5 personality registered for level 5
[    7.478088] md: raid4 personality registered for level 4
[    7.489522] md: raid10 personality registered for level 10
done.
Begin: Running /scripts/init-premount ... done.
Begin: Mounting root file system ... Begin: Running /scripts/local-top ... done.
Begin: Running /scripts/local-premount ... [    7.571425] Btrfs loaded
Scanning for Btrfs filesystems
done.
Warning: fsck not present, so skipping root file system
[    7.630448] EXT4-fs (sda1): mounted filesystem with ordered data mode. Opts: (null)
done.
Begin: Running /scripts/local-bottom ... done.
Begin: Running /scripts/init-bottom ... done.
[    7.771584] systemd[1]: systemd 229 running in system mode. (+PAM +AUDIT +SELINUX +IMA +APPARMOR +SMACK +SYSVINIT +UTMP +LIBCRYPTSETUP +GCRYPT +GNUTLS +ACL +XZ -LZ4 +SECCOMP +BLKID +ELFUTILS +KMOD -IDN)
[    7.823043] systemd[1]: Detected virtualization oracle.
[    7.824501] systemd[1]: Detected architecture x86-64.

Welcome to [1mUbuntu 16.04.5 LTS[0m!

[    7.841784] systemd[1]: Set hostname to <ubuntu-xenial>.
[    8.077141] systemd[1]: Listening on LVM2 poll daemon socket.
[[0;32m  OK  [0m] Listening on LVM2 poll daemon socket.
[    8.085732] systemd[1]: Set up automount Arbitrary Executable File Formats File System Automount Point.
[[0;32m  OK  [0m] Set up automount Arbitrary Executab...ats File System Automount Point.
[    8.209891] systemd[1]: Listening on udev Kernel Socket.
[[0;32m  OK  [0m] Listening on udev Kernel Socket.
[    8.249431] systemd[1]: Listening on Journal Audit Socket.
[[0;32m  OK  [0m] Listening on Journal Audit Socket.
[    8.271740] systemd[1]: Reached target Swap.
[[0;32m  OK  [0m] Reached target Swap.
[    8.298030] systemd[1]: Listening on /dev/initctl Compatibility Named Pipe.
[[0;32m  OK  [0m] Listening on /dev/initctl Compatibility Named Pipe.
[    8.430432] systemd[1]: Listening on LVM2 metadata daemon socket.
[[0;32m  OK  [0m] Listening on LVM2 metadata daemon socket.
[    8.441311] systemd[1]: Started Trigger resolvconf update for networkd DNS.
[[0;32m  OK  [0m] Started Trigger resolvconf update for networkd DNS.
[    8.449413] systemd[1]: Created slice System Slice.
[[0;32m  OK  [0m] Created slice System Slice.
[    8.506616] systemd[1]: Created slice system-serial\x2dgetty.slice.
[[0;32m  OK  [0m] Created slice system-serial\x2dgetty.slice.
[    8.574334] systemd[1]: Listening on udev Control Socket.
[[0;32m  OK  [0m] Listening on udev Control Socket.
[    8.654370] systemd[1]: Reached target User and Group Name Lookups.
[[0;32m  OK  [0m] Reached target User and Group Name Lookups.
[    8.744311] systemd[1]: Listening on Journal Socket (/dev/log).
[[0;32m  OK  [0m] Listening on Journal Socket (/dev/log).
[    8.802484] systemd[1]: Listening on Journal Socket.
[[0;32m  OK  [0m] Listening on Journal Socket.
[    8.886617] systemd[1]: Mounting Debug File System...
         Mounting Debug File System...
[    8.917650] systemd[1]: Mounting Huge Pages File System...
         Mounting Huge Pages File System...
[    8.954969] systemd[1]: Starting Load Kernel Modules...
         Starting Load Kernel Modules...
[    8.963967] systemd[1]: Starting Create list of required static device nodes for the current kernel...
         Starting Create list of required st... nodes for the current kernel...
[    8.984729] systemd[1]: Starting Set console keymap...
         Starting Set console keymap...
[    8.997963] systemd[1]: Mounting POSIX Message Queue File System...
         Mounting POSIX Message Queue File System...
[    9.017540] systemd[1]: Starting Remount Root and Kernel File Systems...
[    9.018611] Loading iSCSI transport class v2.0-870.
[    9.037043] EXT4-fs (sda1): re-mounted. Opts: (null)
         Starting Remount Root and Kernel File Systems...
[    9.051977] systemd[1]: Starting Uncomplicated firewall...
         Starting Uncomplicated firewall...
[    9.069734] iscsi: registered transport (tcp)
[    9.073113] systemd[1]: Starting Nameserver information manager...
         [    9.140875] random: nonblocking pool is initialized
Starting Nameserver information manager...
[    9.147098] systemd[1]: Listening on Syslog Socket.
[[0;32m  OK  [0m] Listening on Syslog Socket.
[    9.174663] systemd[1]: Starting Journal Service...
         Starting Journal Service...
[    9.179618] systemd[1]: Created slice User and Session Slice.
[[0;32m  OK  [0m] Created slice User and Session Slice.
[    9.190876] systemd[1]: Reached target Slices.
[[0;32m  OK  [0m] Reached target Slices.
[    9.205345] systemd[1]: Started Forward Password Requests to Wall Directory Watch.
[[0;32m  OK  [0m] Started Forward Password Requests to Wall Directory Watch.
[    9.217182] systemd[1]: Listening on Device-mapper event daemon FIFOs.
[[0;32m  OK  [0m] Listening on Device-mapper event daemon FIFOs.
[    9.249722] iscsi: registered transport (iser)
[    9.253909] systemd[1]: Starting Monitoring of LVM2 mirrors, snapshots etc. using dmeventd or progress polling...
         Starting Monitoring of LVM2 mirrors... dmeventd or progress polling...
[    9.287647] systemd[1]: Reached target System Time Synchronized.
[[0;32m  OK  [0m] Reached target System Time Synchronized.
[    9.306303] systemd[1]: Reached target Encrypted Volumes.
[[0;32m  OK  [0m] Reached target Encrypted Volumes.
[    9.313514] systemd[1]: Mounted POSIX Message Queue File System.
[[0;32m  OK  [0m] Mounted POSIX Message Queue File System.
[    9.350754] systemd[1]: Mounted Debug File System.
[[0;32m  OK  [0m] Mounted Debug File System.
[    9.355124] systemd[1]: Mounted Huge Pages File System.
[[0;32m  OK  [0m] Mounted Huge Pages File System.
[    9.377813] systemd[1]: Started Journal Service.
[[0;32m  OK  [0m] Started Journal Service.
[[0;32m  OK  [0m] Started Load Kernel Modules.
[[0;32m  OK  [0m] Started Create list of required sta...ce nodes for the current kernel.
[[0;32m  OK  [0m] Started Set console keymap.
[[0;32m  OK  [0m] Started Remount Root and Kernel File Systems.
[[0;32m  OK  [0m] Started Uncomplicated firewall.
[[0;32m  OK  [0m] Started Nameserver information manager.
[[0;32m  OK  [0m] Started LVM2 metadata daemon.
         Starting Load/Save Random Seed...
         Starting udev Coldplug all Devices...
         Starting Create Static Device Nodes in /dev...
         Mounting FUSE Control File System...
         Starting Apply Kernel Variables...
         Starting Flush Journal to Persistent Storage...
[[0;32m  OK  [0m] Mounted FUSE Control File System.
[[0;32m  OK  [0m] Started Load/Save Random Seed.
[[0;32m  OK  [0m] Started Create Static Device Nodes in /dev.
[[0;32m  OK  [0m] Started Apply Kernel Variables.
[[0;32m  OK  [0m] Started udev Coldplug all Devices.
[[0;32m  OK  [0m] Started Flush Journal to Persistent Storage.
         Starting udev Kernel Device Manager...
[[0;32m  OK  [0m] Started Monitoring of LVM2 mirrors,...ng dmeventd or progress polling.
[[0;32m  OK  [0m] Started udev Kernel Device Manager.
[[0;32m  OK  [0m] Started Dispatch Password Requests to Console Directory Watch.
[[0;32m  OK  [0m] Reached target Local File Systems (Pre).
[[0;32m  OK  [0m] Reached target Local File Systems.
         Starting Tell Plymouth To Write Out Runtime Data...
         Starting Create Volatile Files and Directories...
         Starting Set console font and keymap...
         Starting LSB: AppArmor initialization...
         Starting Initial cloud-init job (pre-networking)...
[[0;32m  OK  [0m] Started Tell Plymouth To Write Out Runtime Data.
[[0;32m  OK  [0m] Started Create Volatile Files and Directories.
         Starting Update UTMP about System Boot/Shutdown...
[[0;32m  OK  [0m] Started Update UTMP about System Boot/Shutdown.
[[0;32m  OK  [0m] Found device /dev/ttyS0.
[[0;32m  OK  [0m] Listening on Load/Save RF Kill Switch Status /dev/rfkill Watch.
[[0;32m  OK  [0m] Started LSB: AppArmor initialization.
[[0;32m  OK  [0m] Found device Virtio network device.
[[0;32m  OK  [0m] Started Set console font and keymap.
[[0;32m  OK  [0m] Created slice system-getty.slice.
[   12.581078] cloud-init[488]: Cloud-init v. 18.4-0ubuntu1~16.04.2 running 'init-local' at Mon, 26 Nov 2018 06:37:45 +0000. Up 12.18 seconds.
[[0;32m  OK  [0m] Started Initial cloud-init job (pre-networking).
[[0;32m  OK  [0m] Reached target Network (Pre).
[[0;32m  OK  [0m] Started ifup for enp0s3.
         Starting Raise network interfaces...
[[0;32m  OK  [0m] Started Raise network interfaces.
[[0;32m  OK  [0m] Reached target Network.
         Starting Initial cloud-init job (metadata service crawler)...
[   13.740206] cloud-init[960]: Cloud-init v. 18.4-0ubuntu1~16.04.2 running 'init' at Mon, 26 Nov 2018 06:37:46 +0000. Up 13.43 seconds.
[   13.789304] cloud-init[960]: ci-info: ++++++++++++++++++++++++++++++++++++++Net device info++++++++++++++++++++++++++++++++++++++
[[0;32m  OK  [0m] Started Initial cloud-init job (metadata service crawler).
[   13.836135] cloud-init[960]: ci-info: +--------+------+----------------------------+---------------+--------+-------------------+
[   13.884405] cloud-init[960]: ci-info: | Device |  Up  |          Address           |      Mask     | Scope  |     Hw-Address    |
[   13.884512] cloud-init[960]: ci-info: +--------+------+----------------------------+---------------+--------+-------------------+
[   13.884578] cloud-init[960]: ci-info: | enp0s3 | True |         10.0.2.15          | 255.255.255.0 | global | 02:48:37:b8:a5:68 |
[   13.884640] cloud-init[960]: ci-info: | enp0s3 | True | fe80::48:37ff:feb8:a568/64 |       .       |  link  | 02:48:37:b8:a5:68 |
[   13.884698] cloud-init[960]: ci-info: |   lo   | True |         127.0.0.1          |   255.0.0.0   |  host  |         .         |
[   13.884757] cloud-init[960]: ci-info: |   lo   | True |          ::1/128           |       .       |  host  |         .         |
[   13.884794] cloud-init[960]: ci-info: +--------+------+----------------------------+---------------+--------+-------------------+
[   13.884866] cloud-init[960]: ci-info: +++++++++++++++++++++++++++Route IPv4 info++++++++++++++++++++++++++++
[   13.884941] cloud-init[960]: ci-info: +-------+-------------+----------+---------------+-----------+-------+
[   13.885022] cloud-init[960]: ci-info: | Route | Destination | Gateway  |    Genmask    | Interface | Flags |
[   13.885057] cloud-init[960]: ci-info: +-------+-------------+----------+---------------+-----------+-------+
[   13.885090] cloud-init[960]: ci-info: |   0   |   0.0.0.0   | 10.0.2.2 |    0.0.0.0    |   enp0s3  |   UG  |
[   13.885127] cloud-init[960]: ci-info: |   1   |   10.0.2.0  | 0.0.0.0  | 255.255.255.0 |   enp0s3  |   U   |
[   13.885161] cloud-init[960]: ci-info: +-------+-------------+----------+---------------+-----------+-------+
[   13.885197] cloud-init[960]: ci-info: +++++++++++++++++++Route IPv6 info+++++++++++++++++++
[   13.885230] cloud-init[960]: ci-info: +-------+-------------+---------+-----------+-------+
[   13.885263] cloud-init[960]: ci-info: | Route | Destination | Gateway | Interface | Flags |
[   13.885296] cloud-init[960]: ci-info: +-------+-------------+---------+-----------+-------+
[   13.885331] cloud-init[960]: ci-info: |   0   |  fe80::/64  |    ::   |   enp0s3  |   U   |
[   13.885363] cloud-init[960]: ci-info: |   3   |   ff00::/8  |    ::   |   enp0s3  |   U   |
[   13.885397] cloud-init[960]: ci-info: +-------+-------------+---------+-----------+-------+
[[0;32m  OK  [0m] Reached target Cloud-config availability.
[[0;32m  OK  [0m] Reached target System Initialization.
[[0;32m  OK  [0m] Listening on D-Bus System Message Bus Socket.
[[0;32m  OK  [0m] Started ACPI Events Check.
[[0;32m  OK  [0m] Reached target Paths.
         Starting Socket activation for snappy daemon.
[[0;32m  OK  [0m] Started Daily apt download activities.
[[0;32m  OK  [0m] Started Daily apt upgrade and clean activities.
[[0;32m  OK  [0m] Listening on ACPID Listen Socket.
[[0;32m  OK  [0m] Listening on UUID daemon activation socket.
[[0;32m  OK  [0m] Started Daily Cleanup of Temporary Directories.
[[0;32m  OK  [0m] Reached target Timers.
         Starting LXD - unix socket.
[[0;32m  OK  [0m] Reached target Network is Online.
         Starting iSCSI initiator daemon (iscsid)...
[[0;32m  OK  [0m] Listening on Socket activation for snappy daemon.
[[0;32m  OK  [0m] Listening on LXD - unix socket.
[[0;32m  OK  [0m] Started iSCSI initiator daemon (iscsid).
         Starting Login to default iSCSI targets...
[[0;32m  OK  [0m] Reached target Sockets.
[[0;32m  OK  [0m] Reached target Basic System.
[[0;32m  OK  [0m] Started D-Bus System Message Bus.
         Starting LXD - container startup/shutdown...
         Starting Virtualbox guest utils...
         Starting Login Service...
[[0;32m  OK  [0m] Started Regular background program processing daemon.
         Starting /etc/rc.local Compatibility...
[[0;32m  OK  [0m] Started Deferred execution scheduler.
         Starting Daily apt upgrade and clean activities...
         Starting System Logging Service...
         Starting OpenBSD Secure Shell server...
         Starting Accounts Service...
[[0;32m  OK  [0m] Started ACPI event daemon.
         Starting Snappy daemon...
[[0;32m  OK  [0m] Started Unattended Upgrades Shutdown.
         Starting LSB: MD monitoring daemon...
         Starting LSB: Record successful boot for GRUB...
[[0;32m  OK  [0m] Started FUSE filesystem for LXC.
         Starting A high performance web server and a reverse proxy server...
[[0;32m  OK  [0m] Started System Logging Service.
[[0;32m  OK  [0m] Started LXD - container startup/shutdown.
[[0;32m  OK  [0m] Started /etc/rc.local Compatibility.
[[0;32m  OK  [0m] Started OpenBSD Secure Shell server.
[[0;1;31mFAILED[0m] Failed to start A high performance ...rver and a reverse proxy server.
See 'systemctl status nginx.service' for details.
[[0;32m  OK  [0m] Started Login to default iSCSI targets.
[[0;32m  OK  [0m] Started Virtualbox guest utils.
[[0;32m  OK  [0m] Started Snappy daemon.
[[0;32m  OK  [0m] Started LSB: MD monitoring daemon.
[[0;32m  OK  [0m] Started LSB: Record successful boot for GRUB.
[[0;32m  OK  [0m] Started Login Service.
         Starting Authenticate and Authorize Users to Run Privileged Tasks...
         Starting Wait until snapd is fully seeded...
[[0;32m  OK  [0m] Reached target Remote File Systems (Pre).
[[0;32m  OK  [0m] Reached target Remote File Systems.
         Starting Permit User Sessions...
         Starting LSB: daemon to balance interrupts for SMP systems...
         Starting LSB: Set the CPU Frequency Scaling governor to "ondemand"...
         Starting LSB: automatic crash report generation...
[[0;32m  OK  [0m] Started Wait until snapd is fully seeded.
[[0;32m  OK  [0m] Started Permit User Sessions.
[[0;32m  OK  [0m] Started Authenticate and Authorize Users to Run Privileged Tasks.
[[0;32m  OK  [0m] Started Accounts Service.
         Starting Terminate Plymouth Boot Screen...
         Starting Hold until boot process finishes up...
         Starting Apply the settings specified in cloud-config...
[[0;32m  OK  [0m] Started Daily apt upgrade and clean activities.
[[0;32m  OK  [0m] Started LSB: daemon to balance interrupts for SMP systems.
[[0;32m  OK  [0m] Started LSB: Set the CPU Frequency Scaling governor to "ondemand".
[[0;32m  OK  [0m] Started LSB: automatic crash report generation.
[[0;32m  OK  [0m] Started Terminate Plymouth Boot Screen.
[[0;32m  OK  [0m] Started Hold until boot process finishes up.
[[0;32m  OK  [0m] Started Serial Getty on ttyS0.
         Starting Set console scheme...
[[0;32m  OK  [0m] Started Getty on tty1.
[[0;32m  OK  [0m] Reached target Login Prompts.
[[0;32m  OK  [0m] Reached target Multi-User System.
[[0;32m  OK  [0m] Reached target Graphical Interface.
         Starting Update UTMP about System Runlevel Changes...
[[0;32m  OK  [0m] Started Set console scheme.
[[0;32m  OK  [0m] Started Update UTMP about System Runlevel Changes.
[   16.792424] cloud-init[1253]: Cloud-init v. 18.4-0ubuntu1~16.04.2 running 'modules:config' at Mon, 26 Nov 2018 06:37:49 +0000. Up 16.69 seconds.
[[0;32m  OK  [0m] Started Apply the settings specified in cloud-config.
         Starting Execute cloud user/final scripts...
[   17.386759] cloud-init[1274]: Cloud-init v. 18.4-0ubuntu1~16.04.2 running 'modules:final' at Mon, 26 Nov 2018 06:37:50 +0000. Up 17.28 seconds.
[   17.426445] cloud-init[1274]: Cloud-init v. 18.4-0ubuntu1~16.04.2 finished at Mon, 26 Nov 2018 06:37:50 +0000. Datasource DataSourceNoCloud [seed=/dev/sdb][dsmode=net].  Up 17.38 seconds
[[0;32m  OK  [0m] Started Execute cloud user/final scripts.
[[0;32m  OK  [0m] Reached target Cloud-init target.

Ubuntu 16.04.5 LTS ubuntu-xenial ttyS0

ubuntu-xenial login: 